<?xml version="1.0" encoding="UTF-8"?>
<testng-results ignored="0" total="2" passed="2" failed="0" skipped="0">
  <reporter-output>
  </reporter-output>
  <suite started-at="2020-07-13T12:17:35Z" name="BDD Test Suite" finished-at="2020-07-13T12:18:59Z" duration-ms="83724">
    <groups>
      <group name="cucumber">
        <method signature="TestRunner1.feature(cucumber.api.testng.PickleEventWrapper, java.lang.Object)[pri:0, instance:cucumberOptions.TestRunner1@3a6bb9bf]" name="feature" class="cucumberOptions.TestRunner1"/>
      </group> <!-- cucumber -->
    </groups>
    <test started-at="2020-07-13T12:17:35Z" name="FREE CRM Test" finished-at="2020-07-13T12:18:59Z" duration-ms="83724">
      <class name="cucumberOptions.TestRunner1">
        <test-method is-config="true" signature="setUpClass()[pri:0, instance:cucumberOptions.TestRunner1@3a6bb9bf]" started-at="2020-07-13T12:17:35Z" name="setUpClass" finished-at="2020-07-13T12:17:35Z" duration-ms="123" status="PASS">
          <reporter-output>
          </reporter-output>
        </test-method> <!-- setUpClass -->
        <test-method signature="feature(cucumber.api.testng.PickleEventWrapper, java.lang.Object)[pri:0, instance:cucumberOptions.TestRunner1@3a6bb9bf]" started-at="2020-07-13T12:17:35Z" name="feature" description="Runs Cucumber Feature" data-provider="features" finished-at="2020-07-13T12:18:59Z" duration-ms="83514" status="PASS">
          <params>
            <param index="0">
              <value>
                <![CDATA["Flight Booking on firefox"]]>
              </value>
            </param>
            <param index="1">
              <value>
                <![CDATA["Free CRM Login Feature"]]>
              </value>
            </param>
          </params>
          <reporter-output>
          </reporter-output>
        </test-method> <!-- feature -->
        <test-method signature="feature(cucumber.api.testng.PickleEventWrapper, java.lang.Object)[pri:0, instance:cucumberOptions.TestRunner1@3a6bb9bf]" started-at="2020-07-13T12:17:35Z" name="feature" description="Runs Cucumber Feature" data-provider="features" finished-at="2020-07-13T12:18:55Z" duration-ms="79852" status="PASS">
          <params>
            <param index="0">
              <value>
                <![CDATA["Flight Booking on chrome"]]>
              </value>
            </param>
            <param index="1">
              <value>
                <![CDATA["Free CRM Login Feature"]]>
              </value>
            </param>
          </params>
          <reporter-output>
          </reporter-output>
        </test-method> <!-- feature -->
        <test-method is-config="true" signature="tearDownClass()[pri:0, instance:cucumberOptions.TestRunner1@3a6bb9bf]" started-at="2020-07-13T12:18:59Z" name="tearDownClass" finished-at="2020-07-13T12:18:59Z" duration-ms="36" status="PASS">
          <reporter-output>
          </reporter-output>
        </test-method> <!-- tearDownClass -->
      </class> <!-- cucumberOptions.TestRunner1 -->
    </test> <!-- FREE CRM Test -->
  </suite> <!-- BDD Test Suite -->
</testng-results>
